2026-02-18 14:47:47,006 - INFO - package: mysql.connector.plugins
2026-02-18 14:47:47,007 - INFO - plugin_name: caching_sha2_password
2026-02-18 14:47:47,012 - INFO - AUTHENTICATION_PLUGIN_CLASS: MySQLCachingSHA2PasswordAuthPlugin
2026-02-18 14:47:47,013 - INFO - package: mysql.connector.plugins
2026-02-18 14:47:47,013 - INFO - plugin_name: mysql_native_password
2026-02-18 14:47:47,015 - INFO - AUTHENTICATION_PLUGIN_CLASS: MySQLNativePasswordAuthPlugin
2026-02-18 14:49:12,545 - INFO - package: mysql.connector.plugins
2026-02-18 14:49:12,545 - INFO - plugin_name: caching_sha2_password
2026-02-18 14:49:12,550 - INFO - AUTHENTICATION_PLUGIN_CLASS: MySQLCachingSHA2PasswordAuthPlugin
2026-02-18 14:49:12,556 - INFO - package: mysql.connector.plugins
2026-02-18 14:49:12,556 - INFO - plugin_name: mysql_native_password
2026-02-18 14:49:12,558 - INFO - AUTHENTICATION_PLUGIN_CLASS: MySQLNativePasswordAuthPlugin
2026-02-18 14:50:16,871 - INFO - package: mysql.connector.plugins
2026-02-18 14:50:16,872 - INFO - plugin_name: caching_sha2_password
2026-02-18 14:50:16,876 - INFO - AUTHENTICATION_PLUGIN_CLASS: MySQLCachingSHA2PasswordAuthPlugin
2026-02-18 14:50:16,877 - INFO - package: mysql.connector.plugins
2026-02-18 14:50:16,877 - INFO - plugin_name: mysql_native_password
2026-02-18 14:50:16,880 - INFO - AUTHENTICATION_PLUGIN_CLASS: MySQLNativePasswordAuthPlugin
2026-02-18 14:54:21,288 - INFO - package: mysql.connector.plugins
2026-02-18 14:54:21,289 - INFO - plugin_name: caching_sha2_password
2026-02-18 14:54:21,292 - INFO - AUTHENTICATION_PLUGIN_CLASS: MySQLCachingSHA2PasswordAuthPlugin
2026-02-18 14:54:21,293 - INFO - package: mysql.connector.plugins
2026-02-18 14:54:21,294 - INFO - plugin_name: mysql_native_password
2026-02-18 14:54:21,295 - INFO - AUTHENTICATION_PLUGIN_CLASS: MySQLNativePasswordAuthPlugin
2026-02-18 14:56:10,713 - INFO - package: mysql.connector.plugins
2026-02-18 14:56:10,714 - INFO - plugin_name: caching_sha2_password
2026-02-18 14:56:10,718 - INFO - AUTHENTICATION_PLUGIN_CLASS: MySQLCachingSHA2PasswordAuthPlugin
2026-02-18 14:56:10,719 - INFO - package: mysql.connector.plugins
2026-02-18 14:56:10,721 - INFO - plugin_name: mysql_native_password
2026-02-18 14:56:10,723 - INFO - AUTHENTICATION_PLUGIN_CLASS: MySQLNativePasswordAuthPlugin
2026-02-18 14:58:52,323 - INFO - package: mysql.connector.plugins
2026-02-18 14:58:52,323 - INFO - plugin_name: caching_sha2_password
2026-02-18 14:58:52,328 - INFO - AUTHENTICATION_PLUGIN_CLASS: MySQLCachingSHA2PasswordAuthPlugin
2026-02-18 14:58:52,330 - INFO - package: mysql.connector.plugins
2026-02-18 14:58:52,331 - INFO - plugin_name: mysql_native_password
2026-02-18 14:58:52,334 - INFO - AUTHENTICATION_PLUGIN_CLASS: MySQLNativePasswordAuthPlugin
2026-02-18 15:00:49,724 - INFO - package: mysql.connector.plugins
2026-02-18 15:00:49,726 - INFO - plugin_name: caching_sha2_password
2026-02-18 15:00:49,730 - INFO - AUTHENTICATION_PLUGIN_CLASS: MySQLCachingSHA2PasswordAuthPlugin
2026-02-18 15:00:49,732 - INFO - package: mysql.connector.plugins
2026-02-18 15:00:49,733 - INFO - plugin_name: mysql_native_password
2026-02-18 15:00:49,735 - INFO - AUTHENTICATION_PLUGIN_CLASS: MySQLNativePasswordAuthPlugin
2026-02-18 15:05:47,412 - INFO - package: mysql.connector.plugins
2026-02-18 15:05:47,413 - INFO - plugin_name: caching_sha2_password
2026-02-18 15:05:47,417 - INFO - AUTHENTICATION_PLUGIN_CLASS: MySQLCachingSHA2PasswordAuthPlugin
2026-02-18 15:05:47,418 - INFO - package: mysql.connector.plugins
2026-02-18 15:05:47,421 - INFO - plugin_name: mysql_native_password
2026-02-18 15:05:47,428 - INFO - AUTHENTICATION_PLUGIN_CLASS: MySQLNativePasswordAuthPlugin
2026-02-18 15:06:08,303 - INFO - package: mysql.connector.plugins
2026-02-18 15:06:08,306 - INFO - plugin_name: caching_sha2_password
2026-02-18 15:06:08,311 - INFO - AUTHENTICATION_PLUGIN_CLASS: MySQLCachingSHA2PasswordAuthPlugin
2026-02-18 15:06:08,312 - INFO - package: mysql.connector.plugins
2026-02-18 15:06:08,312 - INFO - plugin_name: mysql_native_password
2026-02-18 15:06:08,314 - INFO - AUTHENTICATION_PLUGIN_CLASS: MySQLNativePasswordAuthPlugin
2026-02-18 15:07:02,064 - INFO - package: mysql.connector.plugins
2026-02-18 15:07:02,064 - INFO - plugin_name: caching_sha2_password
2026-02-18 15:07:02,068 - INFO - AUTHENTICATION_PLUGIN_CLASS: MySQLCachingSHA2PasswordAuthPlugin
2026-02-18 15:07:02,068 - INFO - package: mysql.connector.plugins
2026-02-18 15:07:02,069 - INFO - plugin_name: mysql_native_password
2026-02-18 15:07:02,070 - INFO - AUTHENTICATION_PLUGIN_CLASS: MySQLNativePasswordAuthPlugin
2026-02-18 15:08:36,716 - INFO - package: mysql.connector.plugins
2026-02-18 15:08:36,716 - INFO - plugin_name: caching_sha2_password
2026-02-18 15:08:36,720 - INFO - AUTHENTICATION_PLUGIN_CLASS: MySQLCachingSHA2PasswordAuthPlugin
2026-02-18 15:08:36,721 - INFO - package: mysql.connector.plugins
2026-02-18 15:08:36,721 - INFO - plugin_name: mysql_native_password
2026-02-18 15:08:36,722 - INFO - AUTHENTICATION_PLUGIN_CLASS: MySQLNativePasswordAuthPlugin
2026-02-18 15:10:12,876 - INFO - package: mysql.connector.plugins
2026-02-18 15:10:12,877 - INFO - plugin_name: caching_sha2_password
2026-02-18 15:10:12,881 - INFO - AUTHENTICATION_PLUGIN_CLASS: MySQLCachingSHA2PasswordAuthPlugin
2026-02-18 15:10:12,882 - INFO - package: mysql.connector.plugins
2026-02-18 15:10:12,883 - INFO - plugin_name: mysql_native_password
2026-02-18 15:10:12,884 - INFO - AUTHENTICATION_PLUGIN_CLASS: MySQLNativePasswordAuthPlugin
2026-02-18 15:11:09,601 - INFO - package: mysql.connector.plugins
2026-02-18 15:11:09,609 - INFO - plugin_name: caching_sha2_password
2026-02-18 15:11:09,623 - INFO - AUTHENTICATION_PLUGIN_CLASS: MySQLCachingSHA2PasswordAuthPlugin
2026-02-18 15:11:09,625 - INFO - package: mysql.connector.plugins
2026-02-18 15:11:09,626 - INFO - plugin_name: mysql_native_password
2026-02-18 15:11:09,629 - INFO - AUTHENTICATION_PLUGIN_CLASS: MySQLNativePasswordAuthPlugin
2026-02-18 15:11:47,715 - INFO - package: mysql.connector.plugins
2026-02-18 15:11:47,716 - INFO - plugin_name: caching_sha2_password
2026-02-18 15:11:47,719 - INFO - AUTHENTICATION_PLUGIN_CLASS: MySQLCachingSHA2PasswordAuthPlugin
2026-02-18 15:11:47,720 - INFO - package: mysql.connector.plugins
2026-02-18 15:11:47,720 - INFO - plugin_name: mysql_native_password
2026-02-18 15:11:47,722 - INFO - AUTHENTICATION_PLUGIN_CLASS: MySQLNativePasswordAuthPlugin
2026-02-18 15:11:54,700 - INFO - package: mysql.connector.plugins
2026-02-18 15:11:54,700 - INFO - plugin_name: caching_sha2_password
2026-02-18 15:11:54,704 - INFO - AUTHENTICATION_PLUGIN_CLASS: MySQLCachingSHA2PasswordAuthPlugin
2026-02-18 15:11:54,705 - INFO - package: mysql.connector.plugins
2026-02-18 15:11:54,705 - INFO - plugin_name: mysql_native_password
2026-02-18 15:11:54,707 - INFO - AUTHENTICATION_PLUGIN_CLASS: MySQLNativePasswordAuthPlugin
2026-02-18 15:12:06,075 - INFO - package: mysql.connector.plugins
2026-02-18 15:12:06,076 - INFO - plugin_name: caching_sha2_password
2026-02-18 15:12:06,079 - INFO - AUTHENTICATION_PLUGIN_CLASS: MySQLCachingSHA2PasswordAuthPlugin
2026-02-18 15:12:06,080 - INFO - package: mysql.connector.plugins
2026-02-18 15:12:06,081 - INFO - plugin_name: mysql_native_password
2026-02-18 15:12:06,084 - INFO - AUTHENTICATION_PLUGIN_CLASS: MySQLNativePasswordAuthPlugin
2026-02-18 15:13:10,327 - INFO - package: mysql.connector.plugins
2026-02-18 15:13:10,327 - INFO - plugin_name: caching_sha2_password
2026-02-18 15:13:10,331 - INFO - AUTHENTICATION_PLUGIN_CLASS: MySQLCachingSHA2PasswordAuthPlugin
2026-02-18 15:13:10,332 - INFO - package: mysql.connector.plugins
2026-02-18 15:13:10,332 - INFO - plugin_name: mysql_native_password
2026-02-18 15:13:10,334 - INFO - AUTHENTICATION_PLUGIN_CLASS: MySQLNativePasswordAuthPlugin
2026-02-18 15:14:04,573 - INFO - package: mysql.connector.plugins
2026-02-18 15:14:04,574 - INFO - plugin_name: caching_sha2_password
2026-02-18 15:14:04,578 - INFO - AUTHENTICATION_PLUGIN_CLASS: MySQLCachingSHA2PasswordAuthPlugin
2026-02-18 15:14:04,579 - INFO - package: mysql.connector.plugins
2026-02-18 15:14:04,579 - INFO - plugin_name: mysql_native_password
2026-02-18 15:14:04,582 - INFO - AUTHENTICATION_PLUGIN_CLASS: MySQLNativePasswordAuthPlugin
2026-02-18 15:15:10,766 - INFO - package: mysql.connector.plugins
2026-02-18 15:15:10,767 - INFO - plugin_name: caching_sha2_password
2026-02-18 15:15:10,770 - INFO - AUTHENTICATION_PLUGIN_CLASS: MySQLCachingSHA2PasswordAuthPlugin
2026-02-18 15:15:10,771 - INFO - package: mysql.connector.plugins
2026-02-18 15:15:10,771 - INFO - plugin_name: mysql_native_password
2026-02-18 15:15:10,773 - INFO - AUTHENTICATION_PLUGIN_CLASS: MySQLNativePasswordAuthPlugin
2026-02-18 15:15:59,897 - INFO - package: mysql.connector.plugins
2026-02-18 15:15:59,898 - INFO - plugin_name: caching_sha2_password
2026-02-18 15:15:59,901 - INFO - AUTHENTICATION_PLUGIN_CLASS: MySQLCachingSHA2PasswordAuthPlugin
2026-02-18 15:15:59,902 - INFO - package: mysql.connector.plugins
2026-02-18 15:15:59,902 - INFO - plugin_name: mysql_native_password
2026-02-18 15:15:59,904 - INFO - AUTHENTICATION_PLUGIN_CLASS: MySQLNativePasswordAuthPlugin
2026-02-18 15:17:02,184 - INFO - package: mysql.connector.plugins
2026-02-18 15:17:02,184 - INFO - plugin_name: caching_sha2_password
2026-02-18 15:17:02,189 - INFO - AUTHENTICATION_PLUGIN_CLASS: MySQLCachingSHA2PasswordAuthPlugin
2026-02-18 15:17:02,189 - INFO - package: mysql.connector.plugins
2026-02-18 15:17:02,190 - INFO - plugin_name: mysql_native_password
2026-02-18 15:17:02,192 - INFO - AUTHENTICATION_PLUGIN_CLASS: MySQLNativePasswordAuthPlugin
2026-02-18 15:35:11,087 - INFO - package: mysql.connector.plugins
2026-02-18 15:35:11,087 - INFO - plugin_name: caching_sha2_password
2026-02-18 15:35:11,097 - INFO - AUTHENTICATION_PLUGIN_CLASS: MySQLCachingSHA2PasswordAuthPlugin
2026-02-18 15:35:11,098 - INFO - package: mysql.connector.plugins
2026-02-18 15:35:11,098 - INFO - plugin_name: mysql_native_password
2026-02-18 15:35:11,105 - INFO - AUTHENTICATION_PLUGIN_CLASS: MySQLNativePasswordAuthPlugin
2026-02-18 15:36:29,244 - INFO - package: mysql.connector.plugins
2026-02-18 15:36:29,304 - INFO - plugin_name: caching_sha2_password
2026-02-18 15:36:29,442 - INFO - AUTHENTICATION_PLUGIN_CLASS: MySQLCachingSHA2PasswordAuthPlugin
2026-02-18 15:36:29,449 - INFO - package: mysql.connector.plugins
2026-02-18 15:36:29,452 - INFO - plugin_name: mysql_native_password
2026-02-18 15:36:29,456 - INFO - AUTHENTICATION_PLUGIN_CLASS: MySQLNativePasswordAuthPlugin
2026-02-18 15:38:23,495 - INFO - package: mysql.connector.plugins
2026-02-18 15:38:23,495 - INFO - plugin_name: caching_sha2_password
2026-02-18 15:38:23,500 - INFO - AUTHENTICATION_PLUGIN_CLASS: MySQLCachingSHA2PasswordAuthPlugin
2026-02-18 15:38:23,500 - INFO - package: mysql.connector.plugins
2026-02-18 15:38:23,501 - INFO - plugin_name: mysql_native_password
2026-02-18 15:38:23,503 - INFO - AUTHENTICATION_PLUGIN_CLASS: MySQLNativePasswordAuthPlugin
2026-02-18 15:41:29,857 - INFO - package: mysql.connector.plugins
2026-02-18 15:41:29,858 - INFO - plugin_name: caching_sha2_password
2026-02-18 15:41:29,862 - INFO - AUTHENTICATION_PLUGIN_CLASS: MySQLCachingSHA2PasswordAuthPlugin
2026-02-18 15:41:29,864 - INFO - package: mysql.connector.plugins
2026-02-18 15:41:29,864 - INFO - plugin_name: mysql_native_password
2026-02-18 15:41:29,867 - INFO - AUTHENTICATION_PLUGIN_CLASS: MySQLNativePasswordAuthPlugin
2026-02-18 15:43:14,923 - INFO - package: mysql.connector.plugins
2026-02-18 15:43:14,924 - INFO - plugin_name: caching_sha2_password
2026-02-18 15:43:14,929 - INFO - AUTHENTICATION_PLUGIN_CLASS: MySQLCachingSHA2PasswordAuthPlugin
2026-02-18 15:43:14,930 - INFO - package: mysql.connector.plugins
2026-02-18 15:43:14,930 - INFO - plugin_name: mysql_native_password
2026-02-18 15:43:14,932 - INFO - AUTHENTICATION_PLUGIN_CLASS: MySQLNativePasswordAuthPlugin
2026-02-18 15:47:07,293 - INFO - package: mysql.connector.plugins
2026-02-18 15:47:07,333 - INFO - plugin_name: caching_sha2_password
2026-02-18 15:47:07,338 - INFO - AUTHENTICATION_PLUGIN_CLASS: MySQLCachingSHA2PasswordAuthPlugin
2026-02-18 15:47:07,441 - INFO - package: mysql.connector.plugins
2026-02-18 15:47:07,485 - INFO - plugin_name: mysql_native_password
2026-02-18 15:47:07,512 - INFO - AUTHENTICATION_PLUGIN_CLASS: MySQLNativePasswordAuthPlugin
2026-02-18 15:50:35,153 - INFO - package: mysql.connector.plugins
2026-02-18 15:50:35,154 - INFO - plugin_name: caching_sha2_password
2026-02-18 15:50:35,159 - INFO - AUTHENTICATION_PLUGIN_CLASS: MySQLCachingSHA2PasswordAuthPlugin
2026-02-18 15:50:35,161 - INFO - package: mysql.connector.plugins
2026-02-18 15:50:35,162 - INFO - plugin_name: mysql_native_password
2026-02-18 15:50:35,166 - INFO - AUTHENTICATION_PLUGIN_CLASS: MySQLNativePasswordAuthPlugin
2026-02-18 15:51:37,125 - INFO - package: mysql.connector.plugins
2026-02-18 15:51:37,131 - INFO - plugin_name: caching_sha2_password
2026-02-18 15:51:37,136 - INFO - AUTHENTICATION_PLUGIN_CLASS: MySQLCachingSHA2PasswordAuthPlugin
2026-02-18 15:51:37,137 - INFO - package: mysql.connector.plugins
2026-02-18 15:51:37,137 - INFO - plugin_name: mysql_native_password
2026-02-18 15:51:37,139 - INFO - AUTHENTICATION_PLUGIN_CLASS: MySQLNativePasswordAuthPlugin
2026-02-18 15:56:25,049 - INFO - package: mysql.connector.plugins
2026-02-18 15:56:25,049 - INFO - plugin_name: caching_sha2_password
2026-02-18 15:56:25,054 - INFO - AUTHENTICATION_PLUGIN_CLASS: MySQLCachingSHA2PasswordAuthPlugin
2026-02-18 15:56:25,055 - INFO - package: mysql.connector.plugins
2026-02-18 15:56:25,056 - INFO - plugin_name: mysql_native_password
2026-02-18 15:56:25,058 - INFO - AUTHENTICATION_PLUGIN_CLASS: MySQLNativePasswordAuthPlugin
2026-02-18 15:57:16,144 - INFO - package: mysql.connector.plugins
2026-02-18 15:57:16,145 - INFO - plugin_name: caching_sha2_password
2026-02-18 15:57:16,150 - INFO - AUTHENTICATION_PLUGIN_CLASS: MySQLCachingSHA2PasswordAuthPlugin
2026-02-18 15:57:16,151 - INFO - package: mysql.connector.plugins
2026-02-18 15:57:16,152 - INFO - plugin_name: mysql_native_password
2026-02-18 15:57:16,153 - INFO - AUTHENTICATION_PLUGIN_CLASS: MySQLNativePasswordAuthPlugin
2026-02-18 15:57:46,290 - INFO - package: mysql.connector.plugins
2026-02-18 15:57:46,291 - INFO - plugin_name: caching_sha2_password
2026-02-18 15:57:46,295 - INFO - AUTHENTICATION_PLUGIN_CLASS: MySQLCachingSHA2PasswordAuthPlugin
2026-02-18 15:57:46,296 - INFO - package: mysql.connector.plugins
2026-02-18 15:57:46,296 - INFO - plugin_name: mysql_native_password
2026-02-18 15:57:46,298 - INFO - AUTHENTICATION_PLUGIN_CLASS: MySQLNativePasswordAuthPlugin
2026-02-18 15:58:33,539 - INFO - package: mysql.connector.plugins
2026-02-18 15:58:33,539 - INFO - plugin_name: caching_sha2_password
2026-02-18 15:58:33,543 - INFO - AUTHENTICATION_PLUGIN_CLASS: MySQLCachingSHA2PasswordAuthPlugin
2026-02-18 15:58:33,544 - INFO - package: mysql.connector.plugins
2026-02-18 15:58:33,544 - INFO - plugin_name: mysql_native_password
2026-02-18 15:58:33,545 - INFO - AUTHENTICATION_PLUGIN_CLASS: MySQLNativePasswordAuthPlugin
2026-02-18 15:59:27,006 - INFO - package: mysql.connector.plugins
2026-02-18 15:59:27,006 - INFO - plugin_name: caching_sha2_password
2026-02-18 15:59:27,010 - INFO - AUTHENTICATION_PLUGIN_CLASS: MySQLCachingSHA2PasswordAuthPlugin
2026-02-18 15:59:27,011 - INFO - package: mysql.connector.plugins
2026-02-18 15:59:27,012 - INFO - plugin_name: mysql_native_password
2026-02-18 15:59:27,014 - INFO - AUTHENTICATION_PLUGIN_CLASS: MySQLNativePasswordAuthPlugin
2026-02-18 15:59:45,919 - INFO - package: mysql.connector.plugins
2026-02-18 15:59:45,919 - INFO - plugin_name: caching_sha2_password
2026-02-18 15:59:45,923 - INFO - AUTHENTICATION_PLUGIN_CLASS: MySQLCachingSHA2PasswordAuthPlugin
2026-02-18 15:59:45,923 - INFO - package: mysql.connector.plugins
2026-02-18 15:59:45,924 - INFO - plugin_name: mysql_native_password
2026-02-18 15:59:45,925 - INFO - AUTHENTICATION_PLUGIN_CLASS: MySQLNativePasswordAuthPlugin
2026-02-18 16:01:38,648 - INFO - package: mysql.connector.plugins
2026-02-18 16:01:38,649 - INFO - plugin_name: caching_sha2_password
2026-02-18 16:01:38,652 - INFO - AUTHENTICATION_PLUGIN_CLASS: MySQLCachingSHA2PasswordAuthPlugin
2026-02-18 16:01:38,653 - INFO - package: mysql.connector.plugins
2026-02-18 16:01:38,653 - INFO - plugin_name: mysql_native_password
2026-02-18 16:01:38,655 - INFO - AUTHENTICATION_PLUGIN_CLASS: MySQLNativePasswordAuthPlugin
2026-02-18 16:02:41,258 - INFO - package: mysql.connector.plugins
2026-02-18 16:02:41,267 - INFO - plugin_name: caching_sha2_password
2026-02-18 16:02:41,272 - INFO - AUTHENTICATION_PLUGIN_CLASS: MySQLCachingSHA2PasswordAuthPlugin
2026-02-18 16:02:41,276 - INFO - package: mysql.connector.plugins
2026-02-18 16:02:41,286 - INFO - plugin_name: mysql_native_password
2026-02-18 16:02:41,289 - INFO - AUTHENTICATION_PLUGIN_CLASS: MySQLNativePasswordAuthPlugin
2026-02-18 16:06:04,416 - INFO - package: mysql.connector.plugins
2026-02-18 16:06:04,416 - INFO - plugin_name: caching_sha2_password
2026-02-18 16:06:04,421 - INFO - AUTHENTICATION_PLUGIN_CLASS: MySQLCachingSHA2PasswordAuthPlugin
2026-02-18 16:06:04,422 - INFO - package: mysql.connector.plugins
2026-02-18 16:06:04,422 - INFO - plugin_name: mysql_native_password
2026-02-18 16:06:04,424 - INFO - AUTHENTICATION_PLUGIN_CLASS: MySQLNativePasswordAuthPlugin
2026-02-18 16:07:10,475 - INFO - package: mysql.connector.plugins
2026-02-18 16:07:10,476 - INFO - plugin_name: caching_sha2_password
2026-02-18 16:07:10,480 - INFO - AUTHENTICATION_PLUGIN_CLASS: MySQLCachingSHA2PasswordAuthPlugin
2026-02-18 16:07:10,481 - INFO - package: mysql.connector.plugins
2026-02-18 16:07:10,481 - INFO - plugin_name: mysql_native_password
2026-02-18 16:07:10,483 - INFO - AUTHENTICATION_PLUGIN_CLASS: MySQLNativePasswordAuthPlugin
2026-02-19 10:08:17,028 - INFO - package: mysql.connector.plugins
2026-02-19 10:08:17,031 - INFO - plugin_name: caching_sha2_password
2026-02-19 10:08:17,041 - INFO - AUTHENTICATION_PLUGIN_CLASS: MySQLCachingSHA2PasswordAuthPlugin
2026-02-19 10:08:17,043 - INFO - package: mysql.connector.plugins
2026-02-19 10:08:17,044 - INFO - plugin_name: mysql_native_password
2026-02-19 10:08:17,051 - INFO - AUTHENTICATION_PLUGIN_CLASS: MySQLNativePasswordAuthPlugin
2026-02-19 10:14:35,268 - INFO - package: mysql.connector.plugins
2026-02-19 10:14:35,268 - INFO - plugin_name: caching_sha2_password
2026-02-19 10:14:35,415 - INFO - AUTHENTICATION_PLUGIN_CLASS: MySQLCachingSHA2PasswordAuthPlugin
2026-02-19 10:14:35,506 - INFO - package: mysql.connector.plugins
2026-02-19 10:14:35,507 - INFO - plugin_name: mysql_native_password
2026-02-19 10:14:35,510 - INFO - AUTHENTICATION_PLUGIN_CLASS: MySQLNativePasswordAuthPlugin
2026-02-19 10:20:27,872 - INFO - package: mysql.connector.plugins
2026-02-19 10:20:27,873 - INFO - plugin_name: caching_sha2_password
2026-02-19 10:20:27,886 - INFO - AUTHENTICATION_PLUGIN_CLASS: MySQLCachingSHA2PasswordAuthPlugin
2026-02-19 10:20:27,892 - INFO - package: mysql.connector.plugins
2026-02-19 10:20:27,892 - INFO - plugin_name: mysql_native_password
2026-02-19 10:20:27,898 - INFO - AUTHENTICATION_PLUGIN_CLASS: MySQLNativePasswordAuthPlugin
2026-02-19 10:24:51,016 - INFO - package: mysql.connector.plugins
2026-02-19 10:24:51,017 - INFO - plugin_name: caching_sha2_password
2026-02-19 10:24:51,021 - INFO - AUTHENTICATION_PLUGIN_CLASS: MySQLCachingSHA2PasswordAuthPlugin
2026-02-19 10:24:51,027 - INFO - package: mysql.connector.plugins
2026-02-19 10:24:51,027 - INFO - plugin_name: mysql_native_password
2026-02-19 10:24:51,029 - INFO - AUTHENTICATION_PLUGIN_CLASS: MySQLNativePasswordAuthPlugin
2026-02-19 10:27:34,324 - INFO - package: mysql.connector.plugins
2026-02-19 10:27:34,325 - INFO - plugin_name: caching_sha2_password
2026-02-19 10:27:34,330 - INFO - AUTHENTICATION_PLUGIN_CLASS: MySQLCachingSHA2PasswordAuthPlugin
2026-02-19 10:27:34,334 - INFO - package: mysql.connector.plugins
2026-02-19 10:27:34,335 - INFO - plugin_name: mysql_native_password
2026-02-19 10:27:34,337 - INFO - AUTHENTICATION_PLUGIN_CLASS: MySQLNativePasswordAuthPlugin
2026-02-19 10:32:39,951 - INFO - package: mysql.connector.plugins
2026-02-19 10:32:39,954 - INFO - plugin_name: caching_sha2_password
2026-02-19 10:32:39,959 - INFO - AUTHENTICATION_PLUGIN_CLASS: MySQLCachingSHA2PasswordAuthPlugin
2026-02-19 10:32:39,961 - INFO - package: mysql.connector.plugins
2026-02-19 10:32:39,963 - INFO - plugin_name: mysql_native_password
2026-02-19 10:32:39,965 - INFO - AUTHENTICATION_PLUGIN_CLASS: MySQLNativePasswordAuthPlugin
2026-02-19 10:34:50,633 - INFO - package: mysql.connector.plugins
2026-02-19 10:34:50,634 - INFO - plugin_name: caching_sha2_password
2026-02-19 10:34:50,640 - INFO - AUTHENTICATION_PLUGIN_CLASS: MySQLCachingSHA2PasswordAuthPlugin
2026-02-19 10:34:50,641 - INFO - package: mysql.connector.plugins
2026-02-19 10:34:50,641 - INFO - plugin_name: mysql_native_password
2026-02-19 10:34:50,644 - INFO - AUTHENTICATION_PLUGIN_CLASS: MySQLNativePasswordAuthPlugin
